/*C72*/SET SCHEMA PUBLIC
INSERT INTO NOTICIA VALUES(11,'noticia com texto grande para exemplo de layout com paineis, testando com bastante texto','noticia grande')
COMMIT
INSERT INTO NOTICIA VALUES(12,'teste nova noticia','nova noticia')
COMMIT
DELETE FROM NOTICIA WHERE ID=12
INSERT INTO NOTICIA VALUES(12,'teste nova noticia2','nova noticia')
COMMIT
DELETE FROM NOTICIA WHERE ID=12
COMMIT
DELETE FROM NOTICIA WHERE ID=11
COMMIT
DELETE FROM NOTICIA WHERE ID=4
INSERT INTO NOTICIA VALUES(4,'teste2','teste2d')
COMMIT
DELETE FROM NOTICIA WHERE ID=3
COMMIT
DELETE FROM NOTICIA WHERE ID=8
COMMIT
/*C80*/SET SCHEMA PUBLIC
DISCONNECT
/*C74*/SET SCHEMA PUBLIC
DISCONNECT
/*C81*/SET SCHEMA PUBLIC
DISCONNECT
/*C72*/DISCONNECT
/*C77*/SET SCHEMA PUBLIC
DISCONNECT
/*C75*/SET SCHEMA PUBLIC
DISCONNECT
/*C78*/SET SCHEMA PUBLIC
DISCONNECT
/*C73*/SET SCHEMA PUBLIC
DISCONNECT
/*C79*/SET SCHEMA PUBLIC
DISCONNECT
/*C76*/SET SCHEMA PUBLIC
DISCONNECT
